{"numTotalTestSuites":6,"numPassedTestSuites":6,"numFailedTestSuites":0,"numPendingTestSuites":0,"numTotalTests":3,"numPassedTests":3,"numFailedTests":0,"numPendingTests":0,"numTodoTests":0,"snapshot":{"added":0,"failure":false,"filesAdded":0,"filesRemoved":0,"filesRemovedList":[],"filesUnmatched":0,"filesUpdated":0,"matched":0,"total":0,"unchecked":0,"uncheckedKeysByFile":[],"unmatched":0,"updated":0,"didUpdate":false},"startTime":1749315508928,"success":true,"testResults":[{"assertionResults":[{"ancestorTitles":["install a package"],"fullName":"install a package should run yarn 2 info json body","status":"passed","title":"should run yarn 2 info json body","duration":1062.268297,"failureMessages":[],"meta":{}}],"startTime":1749315511232,"endTime":1749315512294.2683,"status":"passed","message":"","name":"/home/runner/work/e2e-tests/e2e-tests/e2e/cli/e2e-yarn4/info.spec.ts"},{"assertionResults":[{"ancestorTitles":["install a packages"],"fullName":"install a packages should run yarn install","status":"passed","title":"should run yarn install","duration":817.399778,"failureMessages":[],"meta":{}}],"startTime":1749315511335,"endTime":1749315512152.3997,"status":"passed","message":"","name":"/home/runner/work/e2e-tests/e2e-tests/e2e/cli/e2e-yarn4/install.spec.ts"},{"assertionResults":[{"ancestorTitles":["install a packages"],"fullName":"install a packages should run yarn publish","status":"passed","title":"should run yarn publish","duration":1656.1441710000004,"failureMessages":[],"meta":{}}],"startTime":1749315511413,"endTime":1749315513069.1443,"status":"passed","message":"","name":"/home/runner/work/e2e-tests/e2e-tests/e2e/cli/e2e-yarn4/publish.spec.ts"}]}