{"numTotalTestSuites":10,"numPassedTestSuites":10,"numFailedTestSuites":0,"numPendingTestSuites":0,"numTotalTests":7,"numPassedTests":7,"numFailedTests":0,"numPendingTests":0,"numTodoTests":0,"snapshot":{"added":0,"failure":false,"filesAdded":0,"filesRemoved":0,"filesRemovedList":[],"filesUnmatched":0,"filesUpdated":0,"matched":0,"total":0,"unchecked":0,"uncheckedKeysByFile":[],"unmatched":0,"updated":0,"didUpdate":false},"startTime":1743334635288,"success":true,"testResults":[{"assertionResults":[{"ancestorTitles":["audit a package"],"fullName":"audit a package should audit a package verdaccio-memory","status":"passed","title":"should audit a package verdaccio-memory","duration":1101.419261,"failureMessages":[],"meta":{}}],"startTime":1743334637656,"endTime":1743334638757.4192,"status":"passed","message":"","name":"/home/runner/work/e2e-tests/e2e-tests/e2e/cli/e2e-yarn1/audit.spec.ts"},{"assertionResults":[{"ancestorTitles":["install a package"],"fullName":"install a package should run yarn info json body","status":"passed","title":"should run yarn info json body","duration":666.0073199999999,"failureMessages":[],"meta":{}}],"startTime":1743334640665,"endTime":1743334641331.0073,"status":"passed","message":"","name":"/home/runner/work/e2e-tests/e2e-tests/e2e/cli/e2e-yarn1/info.spec.ts"},{"assertionResults":[{"ancestorTitles":["install a project packages"],"fullName":"install a project packages should run yarn install","status":"passed","title":"should run yarn install","duration":1083.1074079999999,"failureMessages":[],"meta":{}}],"startTime":1743334640474,"endTime":1743334641557.1074,"status":"passed","message":"","name":"/home/runner/work/e2e-tests/e2e-tests/e2e/cli/e2e-yarn1/install.spec.ts"},{"assertionResults":[{"ancestorTitles":["install a package"],"fullName":"install a package should publish a package verdaccio-memory","status":"passed","title":"should publish a package verdaccio-memory","duration":912.2192869999999,"failureMessages":[],"meta":{}}],"startTime":1743334637595,"endTime":1743334638507.2192,"status":"passed","message":"","name":"/home/runner/work/e2e-tests/e2e-tests/e2e/cli/e2e-yarn1/publish.spec.ts"},{"assertionResults":[{"ancestorTitles":["install a package"],"fullName":"install a package should list tags of a package @verdaccio/bar","status":"passed","title":"should list tags of a package @verdaccio/bar","duration":1182.023345,"failureMessages":[],"meta":{}},{"ancestorTitles":["install a package"],"fullName":"install a package should add tag of a package @verdaccio/foo","status":"passed","title":"should add tag of a package @verdaccio/foo","duration":2042.2587749999998,"failureMessages":[],"meta":{}},{"ancestorTitles":["install a package"],"fullName":"install a package should remove tag of a package @verdaccio/third","status":"passed","title":"should remove tag of a package @verdaccio/third","duration":2257.737771,"failureMessages":[],"meta":{}}],"startTime":1743334637698,"endTime":1743334643179.7378,"status":"passed","message":"","name":"/home/runner/work/e2e-tests/e2e-tests/e2e/cli/e2e-yarn1/tag.spec.ts"}]}