{"numTotalTestSuites":30,"numPassedTestSuites":30,"numFailedTestSuites":0,"numPendingTestSuites":0,"numTotalTests":17,"numPassedTests":16,"numFailedTests":0,"numPendingTests":1,"numTodoTests":0,"snapshot":{"added":0,"failure":false,"filesAdded":0,"filesRemoved":0,"filesRemovedList":[],"filesUnmatched":0,"filesUpdated":0,"matched":0,"total":0,"unchecked":0,"uncheckedKeysByFile":[],"unmatched":0,"updated":0,"didUpdate":false},"startTime":1749316641043,"success":true,"testResults":[{"assertionResults":[{"ancestorTitles":["audit a package","audit a package"],"fullName":"audit a package audit a package should audit a package verdaccio-memory","status":"passed","title":"should audit a package verdaccio-memory","duration":1902.084187,"failureMessages":[],"meta":{}}],"startTime":1749316659401,"endTime":1749316661303.0842,"status":"passed","message":"","name":"/home/runner/work/e2e-tests/e2e-tests/e2e/cli/e2e-pnpm8/audit.spec.ts"},{"assertionResults":[{"ancestorTitles":["deprecate a package","deprecate a package"],"fullName":"deprecate a package deprecate a package should deprecate a single package @verdaccio/deprecated-1","status":"passed","title":"should deprecate a single package @verdaccio/deprecated-1","duration":3119.766592,"failureMessages":[],"meta":{}},{"ancestorTitles":["deprecate a package","deprecate a package"],"fullName":"deprecate a package deprecate a package should un-deprecate a package @verdaccio/deprecated-2","status":"passed","title":"should un-deprecate a package @verdaccio/deprecated-2","duration":4044.572343,"failureMessages":[],"meta":{}},{"ancestorTitles":["deprecate a package","deprecate a package"],"fullName":"deprecate a package deprecate a package should deprecate a multiple packages @verdaccio/deprecated-3","status":"passed","title":"should deprecate a multiple packages @verdaccio/deprecated-3","duration":12418.359324000001,"failureMessages":[],"meta":{}}],"startTime":1749316643505,"endTime":1749316663087.3594,"status":"passed","message":"","name":"/home/runner/work/e2e-tests/e2e-tests/e2e/cli/e2e-pnpm8/deprecate.spec.ts"},{"assertionResults":[{"ancestorTitles":["dist-tags a package","publish a package"],"fullName":"dist-tags a package publish a package should list dist-tags for @foo/foo","status":"passed","title":"should list dist-tags for @foo/foo","duration":3697.8301399999996,"failureMessages":[],"meta":{}},{"ancestorTitles":["dist-tags a package","publish a package"],"fullName":"dist-tags a package publish a package should remove tag with dist-tags for @verdaccio/bar","status":"passed","title":"should remove tag with dist-tags for @verdaccio/bar","duration":3757.919589000001,"failureMessages":[],"meta":{}},{"ancestorTitles":["dist-tags a package","publish a package"],"fullName":"dist-tags a package publish a package should add tag to package and version with dist-tags for @verdaccio/five","status":"passed","title":"should add tag to package and version with dist-tags for @verdaccio/five","duration":3658.019425999999,"failureMessages":[],"meta":{}}],"startTime":1749316647540,"endTime":1749316658654.0195,"status":"passed","message":"","name":"/home/runner/work/e2e-tests/e2e-tests/e2e/cli/e2e-pnpm8/dist-tags.spec.ts"},{"assertionResults":[{"ancestorTitles":["info a package","info a package"],"fullName":"info a package info a package should run pnpm info json body","status":"passed","title":"should run pnpm info json body","duration":1108.7846170000003,"failureMessages":[],"meta":{}}],"startTime":1749316660877,"endTime":1749316661985.7847,"status":"passed","message":"","name":"/home/runner/work/e2e-tests/e2e-tests/e2e/cli/e2e-pnpm8/info.spec.ts"},{"assertionResults":[{"ancestorTitles":["install a project packages","install a project packages"],"fullName":"install a project packages install a project packages should run npm install json body","status":"passed","title":"should run npm install json body","duration":1918.8386280000004,"failureMessages":[],"meta":{}}],"startTime":1749316643576,"endTime":1749316645494.8386,"status":"passed","message":"","name":"/home/runner/work/e2e-tests/e2e-tests/e2e/cli/e2e-pnpm8/install.spec.ts"},{"assertionResults":[{"ancestorTitles":["ping registry","ping registry"],"fullName":"ping registry ping registry should ping registry","status":"passed","title":"should ping registry","duration":425.7964730000001,"failureMessages":[],"meta":{}}],"startTime":1749316664003,"endTime":1749316664428.7964,"status":"passed","message":"","name":"/home/runner/work/e2e-tests/e2e-tests/e2e/cli/e2e-pnpm8/ping.spec.ts"},{"assertionResults":[{"ancestorTitles":["publish a package","publish a package"],"fullName":"publish a package publish a package should publish a package verdaccio-memory","status":"passed","title":"should publish a package verdaccio-memory","duration":1336.7246519999999,"failureMessages":[],"meta":{}}],"startTime":1749316653178,"endTime":1749316654514.7246,"status":"passed","message":"","name":"/home/runner/work/e2e-tests/e2e-tests/e2e/cli/e2e-pnpm8/publish.spec.ts"},{"assertionResults":[{"ancestorTitles":["search a package","search a package"],"fullName":"search a package search a package should search a package","status":"passed","title":"should search a package","duration":631.9298060000001,"failureMessages":[],"meta":{}}],"startTime":1749316656648,"endTime":1749316657279.9297,"status":"passed","message":"","name":"/home/runner/work/e2e-tests/e2e-tests/e2e/cli/e2e-pnpm8/search.spec.ts"},{"assertionResults":[{"ancestorTitles":["star a package","star a package"],"fullName":"star a package star a package should star a package @verdaccio/foo","status":"passed","title":"should star a package @verdaccio/foo","duration":1752.883053,"failureMessages":[],"meta":{}},{"ancestorTitles":["star a package","star a package"],"fullName":"star a package star a package should unstar a package @verdaccio/bar","status":"passed","title":"should unstar a package @verdaccio/bar","duration":2270.631705,"failureMessages":[],"meta":{}},{"ancestorTitles":["star a package","star a package"],"fullName":"star a package star a package should list stars of a user %s","status":"passed","title":"should list stars of a user %s","duration":2131.8500220000005,"failureMessages":[],"meta":{}}],"startTime":1749316663490,"endTime":1749316669645.85,"status":"passed","message":"","name":"/home/runner/work/e2e-tests/e2e-tests/e2e/cli/e2e-pnpm8/star.spec.ts"},{"assertionResults":[{"ancestorTitles":["unpublish a package","unpublish a package"],"fullName":"unpublish a package unpublish a package should unpublish a full package @verdaccio/test1","status":"passed","title":"should unpublish a full package @verdaccio/test1","duration":7583.301386000001,"failureMessages":[],"meta":{}},{"ancestorTitles":["unpublish a package","unpublish a package"],"fullName":"unpublish a package unpublish a package should unpublish a package @verdaccio/test1 version","status":"skipped","title":"should unpublish a package @verdaccio/test1 version","failureMessages":[],"meta":{}}],"startTime":1749316643500,"endTime":1749316651083.3013,"status":"passed","message":"","name":"/home/runner/work/e2e-tests/e2e-tests/e2e/cli/e2e-pnpm8/unpublish.spec.ts"}]}