{"numTotalTestSuites":30,"numPassedTestSuites":30,"numFailedTestSuites":0,"numPendingTestSuites":0,"numTotalTests":17,"numPassedTests":15,"numFailedTests":0,"numPendingTests":2,"numTodoTests":0,"snapshot":{"added":0,"failure":false,"filesAdded":0,"filesRemoved":0,"filesRemovedList":[],"filesUnmatched":0,"filesUpdated":0,"matched":0,"total":0,"unchecked":0,"uncheckedKeysByFile":[],"unmatched":0,"updated":0,"didUpdate":false},"startTime":1753619251663,"success":true,"testResults":[{"assertionResults":[{"ancestorTitles":["audit a package","audit a package"],"fullName":"audit a package audit a package should audit a package verdaccio-memory","status":"passed","title":"should audit a package verdaccio-memory","duration":1411.1355800000001,"failureMessages":[],"meta":{}}],"startTime":1753619264160,"endTime":1753619265571.1355,"status":"passed","message":"","name":"/home/runner/work/e2e-tests/e2e-tests/e2e/cli/e2e-npm11/audit.spec.ts"},{"assertionResults":[{"ancestorTitles":["deprecate a package","deprecate a package"],"fullName":"deprecate a package deprecate a package should deprecate a single package @verdaccio/deprecated-1","status":"passed","title":"should deprecate a single package @verdaccio/deprecated-1","duration":1871.2929629999999,"failureMessages":[],"meta":{}},{"ancestorTitles":["deprecate a package","deprecate a package"],"fullName":"deprecate a package deprecate a package should un-deprecate a package @verdaccio/deprecated-2","status":"passed","title":"should un-deprecate a package @verdaccio/deprecated-2","duration":2498.3903729999993,"failureMessages":[],"meta":{}},{"ancestorTitles":["deprecate a package","deprecate a package"],"fullName":"deprecate a package deprecate a package should deprecate a multiple packages @verdaccio/deprecated-3","status":"passed","title":"should deprecate a multiple packages @verdaccio/deprecated-3","duration":6715.783475,"failureMessages":[],"meta":{}}],"startTime":1753619254275,"endTime":1753619265360.7834,"status":"passed","message":"","name":"/home/runner/work/e2e-tests/e2e-tests/e2e/cli/e2e-npm11/deprecate.spec.ts"},{"assertionResults":[{"ancestorTitles":["dist-tags a package","dist-tag a package"],"fullName":"dist-tags a package dist-tag a package should list dist-tags for @foo/foo","status":"passed","title":"should list dist-tags for @foo/foo","duration":2081.572348,"failureMessages":[],"meta":{}},{"ancestorTitles":["dist-tags a package","dist-tag a package"],"fullName":"dist-tags a package dist-tag a package should remove tag with dist-tags for @verdaccio/bar","status":"passed","title":"should remove tag with dist-tags for @verdaccio/bar","duration":2117.5074969999996,"failureMessages":[],"meta":{}},{"ancestorTitles":["dist-tags a package","dist-tag a package"],"fullName":"dist-tags a package dist-tag a package should add tag to package and version with dist-tags for @verdaccio/five","status":"passed","title":"should add tag to package and version with dist-tags for @verdaccio/five","duration":2151.4085769999992,"failureMessages":[],"meta":{}}],"startTime":1753619255505,"endTime":1753619261855.4087,"status":"passed","message":"","name":"/home/runner/work/e2e-tests/e2e-tests/e2e/cli/e2e-npm11/dist-tags.spec.ts"},{"assertionResults":[{"ancestorTitles":["info a package","install a package"],"fullName":"info a package install a package should run npm info json body","status":"passed","title":"should run npm info json body","duration":714.0421259999998,"failureMessages":[],"meta":{}}],"startTime":1753619264582,"endTime":1753619265296.0422,"status":"passed","message":"","name":"/home/runner/work/e2e-tests/e2e-tests/e2e/cli/e2e-npm11/info.spec.ts"},{"assertionResults":[{"ancestorTitles":["install a project packages","install a project packages"],"fullName":"install a project packages install a project packages should run npm install json body","status":"passed","title":"should run npm install json body","duration":2111.4476459999996,"failureMessages":[],"meta":{}}],"startTime":1753619254361,"endTime":1753619256472.4478,"status":"passed","message":"","name":"/home/runner/work/e2e-tests/e2e-tests/e2e/cli/e2e-npm11/install.spec.ts"},{"assertionResults":[{"ancestorTitles":["ping registry","ping registry"],"fullName":"ping registry ping registry should ping registry","status":"passed","title":"should ping registry","duration":194.89867999999979,"failureMessages":[],"meta":{}}],"startTime":1753619267336,"endTime":1753619267530.8987,"status":"passed","message":"","name":"/home/runner/work/e2e-tests/e2e-tests/e2e/cli/e2e-npm11/ping.spec.ts"},{"assertionResults":[{"ancestorTitles":["publish a package","publish a package"],"fullName":"publish a package publish a package should publish a package verdaccio-memory-xxxxxx","status":"passed","title":"should publish a package verdaccio-memory-xxxxxx","duration":847.6845639999997,"failureMessages":[],"meta":{}}],"startTime":1753619258711,"endTime":1753619259558.6846,"status":"passed","message":"","name":"/home/runner/work/e2e-tests/e2e-tests/e2e/cli/e2e-npm11/publish.spec.ts"},{"assertionResults":[{"ancestorTitles":["search a package","search a package"],"fullName":"search a package search a package should search a package","status":"passed","title":"should search a package","duration":400.6527289999999,"failureMessages":[],"meta":{}}],"startTime":1753619261800,"endTime":1753619262200.6528,"status":"passed","message":"","name":"/home/runner/work/e2e-tests/e2e-tests/e2e/cli/e2e-npm11/search.spec.ts"},{"assertionResults":[{"ancestorTitles":["star a package","star a package"],"fullName":"star a package star a package should star a package @verdaccio/foo","status":"passed","title":"should star a package @verdaccio/foo","duration":1196.7125480000002,"failureMessages":[],"meta":{}},{"ancestorTitles":["star a package","star a package"],"fullName":"star a package star a package should unstar a package @verdaccio/bar","status":"passed","title":"should unstar a package @verdaccio/bar","duration":1609.0334420000004,"failureMessages":[],"meta":{}},{"ancestorTitles":["star a package","star a package"],"fullName":"star a package star a package should list stars of a user %s","status":"passed","title":"should list stars of a user %s","duration":1460.1828880000003,"failureMessages":[],"meta":{}}],"startTime":1753619267302,"endTime":1753619271568.1829,"status":"passed","message":"","name":"/home/runner/work/e2e-tests/e2e-tests/e2e/cli/e2e-npm11/star.spec.ts"},{"assertionResults":[{"ancestorTitles":["unpublish a package","unpublish a package"],"fullName":"unpublish a package unpublish a package should unpublish a full package @verdaccio/test1","status":"skipped","title":"should unpublish a full package @verdaccio/test1","failureMessages":[],"meta":{}},{"ancestorTitles":["unpublish a package","unpublish a package"],"fullName":"unpublish a package unpublish a package should unpublish a package @verdaccio/test1 version","status":"skipped","title":"should unpublish a package @verdaccio/test1 version","failureMessages":[],"meta":{}}],"startTime":1753619251663,"endTime":1753619251663,"status":"passed","message":"","name":"/home/runner/work/e2e-tests/e2e-tests/e2e/cli/e2e-npm11/unpublish.spec.ts"}]}