{"numTotalTestSuites":10,"numPassedTestSuites":10,"numFailedTestSuites":0,"numPendingTestSuites":0,"numTotalTests":7,"numPassedTests":7,"numFailedTests":0,"numPendingTests":0,"numTodoTests":0,"snapshot":{"added":0,"failure":false,"filesAdded":0,"filesRemoved":0,"filesRemovedList":[],"filesUnmatched":0,"filesUpdated":0,"matched":0,"total":0,"unchecked":0,"uncheckedKeysByFile":[],"unmatched":0,"updated":0,"didUpdate":false},"startTime":1749991102169,"success":true,"testResults":[{"assertionResults":[{"ancestorTitles":["audit a package"],"fullName":"audit a package should audit a package verdaccio-memory","status":"passed","title":"should audit a package verdaccio-memory","duration":1053.1094950000002,"failureMessages":[],"meta":{}}],"startTime":1749991104658,"endTime":1749991105711.1094,"status":"passed","message":"","name":"/home/runner/work/e2e-tests/e2e-tests/e2e/cli/e2e-yarn1/audit.spec.ts"},{"assertionResults":[{"ancestorTitles":["install a package"],"fullName":"install a package should run yarn info json body","status":"passed","title":"should run yarn info json body","duration":752.736719,"failureMessages":[],"meta":{}}],"startTime":1749991107748,"endTime":1749991108500.7368,"status":"passed","message":"","name":"/home/runner/work/e2e-tests/e2e-tests/e2e/cli/e2e-yarn1/info.spec.ts"},{"assertionResults":[{"ancestorTitles":["install a project packages"],"fullName":"install a project packages should run yarn install","status":"passed","title":"should run yarn install","duration":1032.48326,"failureMessages":[],"meta":{}}],"startTime":1749991107344,"endTime":1749991108376.4832,"status":"passed","message":"","name":"/home/runner/work/e2e-tests/e2e-tests/e2e/cli/e2e-yarn1/install.spec.ts"},{"assertionResults":[{"ancestorTitles":["install a package"],"fullName":"install a package should publish a package verdaccio-memory","status":"passed","title":"should publish a package verdaccio-memory","duration":635.589817,"failureMessages":[],"meta":{}}],"startTime":1749991104637,"endTime":1749991105272.5898,"status":"passed","message":"","name":"/home/runner/work/e2e-tests/e2e-tests/e2e/cli/e2e-yarn1/publish.spec.ts"},{"assertionResults":[{"ancestorTitles":["install a package"],"fullName":"install a package should list tags of a package @verdaccio/bar","status":"passed","title":"should list tags of a package @verdaccio/bar","duration":1203.1892189999999,"failureMessages":[],"meta":{}},{"ancestorTitles":["install a package"],"fullName":"install a package should add tag of a package @verdaccio/foo","status":"passed","title":"should add tag of a package @verdaccio/foo","duration":2005.3375830000004,"failureMessages":[],"meta":{}},{"ancestorTitles":["install a package"],"fullName":"install a package should remove tag of a package @verdaccio/third","status":"passed","title":"should remove tag of a package @verdaccio/third","duration":2063.585521,"failureMessages":[],"meta":{}}],"startTime":1749991104693,"endTime":1749991109965.5854,"status":"passed","message":"","name":"/home/runner/work/e2e-tests/e2e-tests/e2e/cli/e2e-yarn1/tag.spec.ts"}]}