{"numTotalTestSuites":8,"numPassedTestSuites":8,"numFailedTestSuites":0,"numPendingTestSuites":0,"numTotalTests":4,"numPassedTests":4,"numFailedTests":0,"numPendingTests":0,"numTodoTests":0,"snapshot":{"added":0,"failure":false,"filesAdded":0,"filesRemoved":0,"filesRemovedList":[],"filesUnmatched":0,"filesUpdated":0,"matched":0,"total":0,"unchecked":0,"uncheckedKeysByFile":[],"unmatched":0,"updated":0,"didUpdate":false},"startTime":1750019728060,"success":true,"testResults":[{"assertionResults":[{"ancestorTitles":["audit a package yarn 3"],"fullName":"audit a package yarn 3 should run yarn npm audit info json body","status":"passed","title":"should run yarn npm audit info json body","duration":1540.633084,"failureMessages":[],"meta":{}}],"startTime":1750019730491,"endTime":1750019732031.633,"status":"passed","message":"","name":"/home/runner/work/e2e-tests/e2e-tests/e2e/cli/e2e-yarn3/audit.spec.ts"},{"assertionResults":[{"ancestorTitles":["install a package"],"fullName":"install a package should run yarn 2 info json body","status":"passed","title":"should run yarn 2 info json body","duration":1133.675166,"failureMessages":[],"meta":{}}],"startTime":1750019730379,"endTime":1750019731512.675,"status":"passed","message":"","name":"/home/runner/work/e2e-tests/e2e-tests/e2e/cli/e2e-yarn3/info.spec.ts"},{"assertionResults":[{"ancestorTitles":["install a packages"],"fullName":"install a packages should run yarn install","status":"passed","title":"should run yarn install","duration":411.47026300000016,"failureMessages":[],"meta":{}}],"startTime":1750019733263,"endTime":1750019733674.4702,"status":"passed","message":"","name":"/home/runner/work/e2e-tests/e2e-tests/e2e/cli/e2e-yarn3/install.spec.ts"},{"assertionResults":[{"ancestorTitles":["install a packages"],"fullName":"install a packages should run yarn publish","status":"passed","title":"should run yarn publish","duration":1924.932006,"failureMessages":[],"meta":{}}],"startTime":1750019730461,"endTime":1750019732385.932,"status":"passed","message":"","name":"/home/runner/work/e2e-tests/e2e-tests/e2e/cli/e2e-yarn3/publish.spec.ts"}]}