{"numTotalTestSuites":8,"numPassedTestSuites":8,"numFailedTestSuites":0,"numPendingTestSuites":0,"numTotalTests":4,"numPassedTests":4,"numFailedTests":0,"numPendingTests":0,"numTodoTests":0,"snapshot":{"added":0,"failure":false,"filesAdded":0,"filesRemoved":0,"filesRemovedList":[],"filesUnmatched":0,"filesUpdated":0,"matched":0,"total":0,"unchecked":0,"uncheckedKeysByFile":[],"unmatched":0,"updated":0,"didUpdate":false},"startTime":1743333564768,"success":true,"testResults":[{"assertionResults":[{"ancestorTitles":["audit a package yarn 2"],"fullName":"audit a package yarn 2 should run yarn npm audit info json body","status":"passed","title":"should run yarn npm audit info json body","duration":1137.121854,"failureMessages":[],"meta":{}}],"startTime":1743333567106,"endTime":1743333568243.1218,"status":"passed","message":"","name":"/home/runner/work/e2e-tests/e2e-tests/e2e/cli/e2e-yarn2/audit.spec.ts"},{"assertionResults":[{"ancestorTitles":["install a package"],"fullName":"install a package should run yarn 2 info json body","status":"passed","title":"should run yarn 2 info json body","duration":982.0925900000002,"failureMessages":[],"meta":{}}],"startTime":1743333567081,"endTime":1743333568063.0925,"status":"passed","message":"","name":"/home/runner/work/e2e-tests/e2e-tests/e2e/cli/e2e-yarn2/info.spec.ts"},{"assertionResults":[{"ancestorTitles":["install a packages"],"fullName":"install a packages should run yarn install","status":"passed","title":"should run yarn install","duration":359.01138400000013,"failureMessages":[],"meta":{}}],"startTime":1743333569697,"endTime":1743333570056.0115,"status":"passed","message":"","name":"/home/runner/work/e2e-tests/e2e-tests/e2e/cli/e2e-yarn2/install.spec.ts"},{"assertionResults":[{"ancestorTitles":["install a packages"],"fullName":"install a packages should run yarn publish","status":"passed","title":"should run yarn publish","duration":1472.8623239999997,"failureMessages":[],"meta":{}}],"startTime":1743333567167,"endTime":1743333568639.8623,"status":"passed","message":"","name":"/home/runner/work/e2e-tests/e2e-tests/e2e/cli/e2e-yarn2/publish.spec.ts"}]}