{"numTotalTestSuites":30,"numPassedTestSuites":30,"numFailedTestSuites":0,"numPendingTestSuites":0,"numTotalTests":17,"numPassedTests":15,"numFailedTests":0,"numPendingTests":2,"numTodoTests":0,"snapshot":{"added":0,"failure":false,"filesAdded":0,"filesRemoved":0,"filesRemovedList":[],"filesUnmatched":0,"filesUpdated":0,"matched":0,"total":0,"unchecked":0,"uncheckedKeysByFile":[],"unmatched":0,"updated":0,"didUpdate":false},"startTime":1749315509089,"success":true,"testResults":[{"assertionResults":[{"ancestorTitles":["audit a package","audit a package"],"fullName":"audit a package audit a package should audit a package verdaccio-memory","status":"passed","title":"should audit a package verdaccio-memory","duration":1590.3871470000004,"failureMessages":[],"meta":{}}],"startTime":1749315521593,"endTime":1749315523183.3872,"status":"passed","message":"","name":"/home/runner/work/e2e-tests/e2e-tests/e2e/cli/e2e-npm11/audit.spec.ts"},{"assertionResults":[{"ancestorTitles":["deprecate a package","deprecate a package"],"fullName":"deprecate a package deprecate a package should deprecate a single package @verdaccio/deprecated-1","status":"passed","title":"should deprecate a single package @verdaccio/deprecated-1","duration":1868.4989370000003,"failureMessages":[],"meta":{}},{"ancestorTitles":["deprecate a package","deprecate a package"],"fullName":"deprecate a package deprecate a package should un-deprecate a package @verdaccio/deprecated-2","status":"passed","title":"should un-deprecate a package @verdaccio/deprecated-2","duration":2613.388011,"failureMessages":[],"meta":{}},{"ancestorTitles":["deprecate a package","deprecate a package"],"fullName":"deprecate a package deprecate a package should deprecate a multiple packages @verdaccio/deprecated-3","status":"passed","title":"should deprecate a multiple packages @verdaccio/deprecated-3","duration":6832.296042999999,"failureMessages":[],"meta":{}}],"startTime":1749315511518,"endTime":1749315522832.2961,"status":"passed","message":"","name":"/home/runner/work/e2e-tests/e2e-tests/e2e/cli/e2e-npm11/deprecate.spec.ts"},{"assertionResults":[{"ancestorTitles":["dist-tags a package","dist-tag a package"],"fullName":"dist-tags a package dist-tag a package should list dist-tags for @foo/foo","status":"passed","title":"should list dist-tags for @foo/foo","duration":2334.492221,"failureMessages":[],"meta":{}},{"ancestorTitles":["dist-tags a package","dist-tag a package"],"fullName":"dist-tags a package dist-tag a package should remove tag with dist-tags for @verdaccio/bar","status":"passed","title":"should remove tag with dist-tags for @verdaccio/bar","duration":2021.4789179999998,"failureMessages":[],"meta":{}},{"ancestorTitles":["dist-tags a package","dist-tag a package"],"fullName":"dist-tags a package dist-tag a package should add tag to package and version with dist-tags for @verdaccio/five","status":"passed","title":"should add tag to package and version with dist-tags for @verdaccio/five","duration":2410.422549000001,"failureMessages":[],"meta":{}}],"startTime":1749315512635,"endTime":1749315519401.4226,"status":"passed","message":"","name":"/home/runner/work/e2e-tests/e2e-tests/e2e/cli/e2e-npm11/dist-tags.spec.ts"},{"assertionResults":[{"ancestorTitles":["info a package","install a package"],"fullName":"info a package install a package should run npm info json body","status":"passed","title":"should run npm info json body","duration":807.2117529999996,"failureMessages":[],"meta":{}}],"startTime":1749315521551,"endTime":1749315522358.2117,"status":"passed","message":"","name":"/home/runner/work/e2e-tests/e2e-tests/e2e/cli/e2e-npm11/info.spec.ts"},{"assertionResults":[{"ancestorTitles":["install a project packages","install a project packages"],"fullName":"install a project packages install a project packages should run npm install json body","status":"passed","title":"should run npm install json body","duration":2021.9608090000002,"failureMessages":[],"meta":{}}],"startTime":1749315511443,"endTime":1749315513464.9607,"status":"passed","message":"","name":"/home/runner/work/e2e-tests/e2e-tests/e2e/cli/e2e-npm11/install.spec.ts"},{"assertionResults":[{"ancestorTitles":["ping registry","ping registry"],"fullName":"ping registry ping registry should ping registry","status":"passed","title":"should ping registry","duration":192.35307399999988,"failureMessages":[],"meta":{}}],"startTime":1749315524588,"endTime":1749315524780.353,"status":"passed","message":"","name":"/home/runner/work/e2e-tests/e2e-tests/e2e/cli/e2e-npm11/ping.spec.ts"},{"assertionResults":[{"ancestorTitles":["publish a package","publish a package"],"fullName":"publish a package publish a package should publish a package verdaccio-memory-xxxxxx","status":"passed","title":"should publish a package verdaccio-memory-xxxxxx","duration":1294.348943,"failureMessages":[],"meta":{}}],"startTime":1749315515458,"endTime":1749315516752.3489,"status":"passed","message":"","name":"/home/runner/work/e2e-tests/e2e-tests/e2e/cli/e2e-npm11/publish.spec.ts"},{"assertionResults":[{"ancestorTitles":["search a package","search a package"],"fullName":"search a package search a package should search a package","status":"passed","title":"should search a package","duration":736.1759689999999,"failureMessages":[],"meta":{}}],"startTime":1749315518718,"endTime":1749315519454.176,"status":"passed","message":"","name":"/home/runner/work/e2e-tests/e2e-tests/e2e/cli/e2e-npm11/search.spec.ts"},{"assertionResults":[{"ancestorTitles":["star a package","star a package"],"fullName":"star a package star a package should star a package @verdaccio/foo","status":"passed","title":"should star a package @verdaccio/foo","duration":1261.836219,"failureMessages":[],"meta":{}},{"ancestorTitles":["star a package","star a package"],"fullName":"star a package star a package should unstar a package @verdaccio/bar","status":"passed","title":"should unstar a package @verdaccio/bar","duration":1669.096571,"failureMessages":[],"meta":{}},{"ancestorTitles":["star a package","star a package"],"fullName":"star a package star a package should list stars of a user %s","status":"passed","title":"should list stars of a user %s","duration":1770.7103470000002,"failureMessages":[],"meta":{}}],"startTime":1749315524244,"endTime":1749315528945.7104,"status":"passed","message":"","name":"/home/runner/work/e2e-tests/e2e-tests/e2e/cli/e2e-npm11/star.spec.ts"},{"assertionResults":[{"ancestorTitles":["unpublish a package","unpublish a package"],"fullName":"unpublish a package unpublish a package should unpublish a full package @verdaccio/test1","status":"skipped","title":"should unpublish a full package @verdaccio/test1","failureMessages":[],"meta":{}},{"ancestorTitles":["unpublish a package","unpublish a package"],"fullName":"unpublish a package unpublish a package should unpublish a package @verdaccio/test1 version","status":"skipped","title":"should unpublish a package @verdaccio/test1 version","failureMessages":[],"meta":{}}],"startTime":1749315509089,"endTime":1749315509089,"status":"passed","message":"","name":"/home/runner/work/e2e-tests/e2e-tests/e2e/cli/e2e-npm11/unpublish.spec.ts"}]}