{"numTotalTestSuites":30,"numPassedTestSuites":30,"numFailedTestSuites":0,"numPendingTestSuites":0,"numTotalTests":17,"numPassedTests":16,"numFailedTests":0,"numPendingTests":1,"numTodoTests":0,"snapshot":{"added":0,"failure":false,"filesAdded":0,"filesRemoved":0,"filesRemovedList":[],"filesUnmatched":0,"filesUpdated":0,"matched":0,"total":0,"unchecked":0,"uncheckedKeysByFile":[],"unmatched":0,"updated":0,"didUpdate":false},"startTime":1758451929792,"success":true,"testResults":[{"assertionResults":[{"ancestorTitles":["audit a package","audit a package"],"fullName":"audit a package audit a package should audit a package verdaccio-memory","status":"passed","title":"should audit a package verdaccio-memory","duration":2129.208272,"failureMessages":[],"meta":{}}],"startTime":1758451958728,"endTime":1758451960857.2083,"status":"passed","message":"","name":"/home/runner/work/e2e-tests/e2e-tests/e2e/cli/e2e-npm9/audit.spec.ts"},{"assertionResults":[{"ancestorTitles":["deprecate a package","deprecate a package"],"fullName":"deprecate a package deprecate a package should deprecate a single package @verdaccio/deprecated-1","status":"passed","title":"should deprecate a single package @verdaccio/deprecated-1","duration":3144.863077,"failureMessages":[],"meta":{}},{"ancestorTitles":["deprecate a package","deprecate a package"],"fullName":"deprecate a package deprecate a package should un-deprecate a package @verdaccio/deprecated-2","status":"passed","title":"should un-deprecate a package @verdaccio/deprecated-2","duration":5096.133964999999,"failureMessages":[],"meta":{}},{"ancestorTitles":["deprecate a package","deprecate a package"],"fullName":"deprecate a package deprecate a package should deprecate a multiple packages @verdaccio/deprecated-3","status":"passed","title":"should deprecate a multiple packages @verdaccio/deprecated-3","duration":15423.032887000001,"failureMessages":[],"meta":{}}],"startTime":1758451934538,"endTime":1758451958203.033,"status":"passed","message":"","name":"/home/runner/work/e2e-tests/e2e-tests/e2e/cli/e2e-npm9/deprecate.spec.ts"},{"assertionResults":[{"ancestorTitles":["dist-tags a package","dist-tag a package"],"fullName":"dist-tags a package dist-tag a package should list dist-tags for @foo/foo","status":"passed","title":"should list dist-tags for @foo/foo","duration":4315.905205,"failureMessages":[],"meta":{}},{"ancestorTitles":["dist-tags a package","dist-tag a package"],"fullName":"dist-tags a package dist-tag a package should remove tag with dist-tags for @verdaccio/bar","status":"passed","title":"should remove tag with dist-tags for @verdaccio/bar","duration":4352.944466,"failureMessages":[],"meta":{}},{"ancestorTitles":["dist-tags a package","dist-tag a package"],"fullName":"dist-tags a package dist-tag a package should add tag to package and version with dist-tags for @verdaccio/five","status":"passed","title":"should add tag to package and version with dist-tags for @verdaccio/five","duration":4449.422886,"failureMessages":[],"meta":{}}],"startTime":1758451941826,"endTime":1758451954945.4229,"status":"passed","message":"","name":"/home/runner/work/e2e-tests/e2e-tests/e2e/cli/e2e-npm9/dist-tags.spec.ts"},{"assertionResults":[{"ancestorTitles":["info a package","install a package"],"fullName":"info a package install a package should run npm info json body","status":"passed","title":"should run npm info json body","duration":1246.8237040000004,"failureMessages":[],"meta":{}}],"startTime":1758451958947,"endTime":1758451960193.8237,"status":"passed","message":"","name":"/home/runner/work/e2e-tests/e2e-tests/e2e/cli/e2e-npm9/info.spec.ts"},{"assertionResults":[{"ancestorTitles":["install a project packages","install a project packages"],"fullName":"install a project packages install a project packages should run npm install json body","status":"passed","title":"should run npm install json body","duration":3522.8252349999993,"failureMessages":[],"meta":{}}],"startTime":1758451934708,"endTime":1758451938230.8252,"status":"passed","message":"","name":"/home/runner/work/e2e-tests/e2e-tests/e2e/cli/e2e-npm9/install.spec.ts"},{"assertionResults":[{"ancestorTitles":["ping registry","ping registry"],"fullName":"ping registry ping registry should ping registry","status":"passed","title":"should ping registry","duration":321.11119400000007,"failureMessages":[],"meta":{}}],"startTime":1758451962934,"endTime":1758451963255.111,"status":"passed","message":"","name":"/home/runner/work/e2e-tests/e2e-tests/e2e/cli/e2e-npm9/ping.spec.ts"},{"assertionResults":[{"ancestorTitles":["publish a package","publish a package"],"fullName":"publish a package publish a package should publish a package verdaccio-memory-xxxxxx","status":"passed","title":"should publish a package verdaccio-memory-xxxxxx","duration":1251.9054960000003,"failureMessages":[],"meta":{}}],"startTime":1758451947560,"endTime":1758451948811.9055,"status":"passed","message":"","name":"/home/runner/work/e2e-tests/e2e-tests/e2e/cli/e2e-npm9/publish.spec.ts"},{"assertionResults":[{"ancestorTitles":["search a package","search a package"],"fullName":"search a package search a package should search a package","status":"passed","title":"should search a package","duration":876.3437979999999,"failureMessages":[],"meta":{}}],"startTime":1758451953162,"endTime":1758451954038.3438,"status":"passed","message":"","name":"/home/runner/work/e2e-tests/e2e-tests/e2e/cli/e2e-npm9/search.spec.ts"},{"assertionResults":[{"ancestorTitles":["star a package","star a package"],"fullName":"star a package star a package should star a package @verdaccio/foo","status":"passed","title":"should star a package @verdaccio/foo","duration":1504.377317,"failureMessages":[],"meta":{}},{"ancestorTitles":["star a package","star a package"],"fullName":"star a package star a package should unstar a package @verdaccio/bar","status":"passed","title":"should unstar a package @verdaccio/bar","duration":1727.4404749999994,"failureMessages":[],"meta":{}},{"ancestorTitles":["star a package","star a package"],"fullName":"star a package star a package should list stars of a user %s","status":"passed","title":"should list stars of a user %s","duration":1491.239246000001,"failureMessages":[],"meta":{}}],"startTime":1758451961799,"endTime":1758451966522.2393,"status":"passed","message":"","name":"/home/runner/work/e2e-tests/e2e-tests/e2e/cli/e2e-npm9/star.spec.ts"},{"assertionResults":[{"ancestorTitles":["unpublish a package","unpublish a package"],"fullName":"unpublish a package unpublish a package should unpublish a full package @verdaccio/test1","status":"passed","title":"should unpublish a full package @verdaccio/test1","duration":9070.828635,"failureMessages":[],"meta":{}},{"ancestorTitles":["unpublish a package","unpublish a package"],"fullName":"unpublish a package unpublish a package should unpublish a package @verdaccio/test1 version","status":"skipped","title":"should unpublish a package @verdaccio/test1 version","failureMessages":[],"meta":{}}],"startTime":1758451934603,"endTime":1758451943673.8286,"status":"passed","message":"","name":"/home/runner/work/e2e-tests/e2e-tests/e2e/cli/e2e-npm9/unpublish.spec.ts"}]}