{"numTotalTestSuites":30,"numPassedTestSuites":30,"numFailedTestSuites":0,"numPendingTestSuites":0,"numTotalTests":17,"numPassedTests":16,"numFailedTests":0,"numPendingTests":1,"numTodoTests":0,"snapshot":{"added":0,"failure":false,"filesAdded":0,"filesRemoved":0,"filesRemovedList":[],"filesUnmatched":0,"filesUpdated":0,"matched":0,"total":0,"unchecked":0,"uncheckedKeysByFile":[],"unmatched":0,"updated":0,"didUpdate":false},"startTime":1743522957507,"success":true,"testResults":[{"assertionResults":[{"ancestorTitles":["audit a package","audit a package"],"fullName":"audit a package audit a package should audit a package verdaccio-memory","status":"passed","title":"should audit a package verdaccio-memory","duration":1985.2637659999996,"failureMessages":[],"meta":{}}],"startTime":1743522976105,"endTime":1743522978090.2637,"status":"passed","message":"","name":"/home/runner/work/e2e-tests/e2e-tests/e2e/cli/e2e-pnpm8/audit.spec.ts"},{"assertionResults":[{"ancestorTitles":["deprecate a package","deprecate a package"],"fullName":"deprecate a package deprecate a package should deprecate a single package @verdaccio/deprecated-1","status":"passed","title":"should deprecate a single package @verdaccio/deprecated-1","duration":2790.4448859999998,"failureMessages":[],"meta":{}},{"ancestorTitles":["deprecate a package","deprecate a package"],"fullName":"deprecate a package deprecate a package should un-deprecate a package @verdaccio/deprecated-2","status":"passed","title":"should un-deprecate a package @verdaccio/deprecated-2","duration":4177.948799000001,"failureMessages":[],"meta":{}},{"ancestorTitles":["deprecate a package","deprecate a package"],"fullName":"deprecate a package deprecate a package should deprecate a multiple packages @verdaccio/deprecated-3","status":"passed","title":"should deprecate a multiple packages @verdaccio/deprecated-3","duration":11536.720591,"failureMessages":[],"meta":{}}],"startTime":1743522959896,"endTime":1743522978401.7207,"status":"passed","message":"","name":"/home/runner/work/e2e-tests/e2e-tests/e2e/cli/e2e-pnpm8/deprecate.spec.ts"},{"assertionResults":[{"ancestorTitles":["dist-tags a package","publish a package"],"fullName":"dist-tags a package publish a package should list dist-tags for @foo/foo","status":"passed","title":"should list dist-tags for @foo/foo","duration":3518.4481450000003,"failureMessages":[],"meta":{}},{"ancestorTitles":["dist-tags a package","publish a package"],"fullName":"dist-tags a package publish a package should remove tag with dist-tags for @verdaccio/bar","status":"passed","title":"should remove tag with dist-tags for @verdaccio/bar","duration":3830.176152000001,"failureMessages":[],"meta":{}},{"ancestorTitles":["dist-tags a package","publish a package"],"fullName":"dist-tags a package publish a package should add tag to package and version with dist-tags for @verdaccio/five","status":"passed","title":"should add tag to package and version with dist-tags for @verdaccio/five","duration":3722.986232000001,"failureMessages":[],"meta":{}}],"startTime":1743522963981,"endTime":1743522975052.9863,"status":"passed","message":"","name":"/home/runner/work/e2e-tests/e2e-tests/e2e/cli/e2e-pnpm8/dist-tags.spec.ts"},{"assertionResults":[{"ancestorTitles":["info a package","info a package"],"fullName":"info a package info a package should run pnpm info json body","status":"passed","title":"should run pnpm info json body","duration":1173.444912,"failureMessages":[],"meta":{}}],"startTime":1743522977138,"endTime":1743522978311.4448,"status":"passed","message":"","name":"/home/runner/work/e2e-tests/e2e-tests/e2e/cli/e2e-pnpm8/info.spec.ts"},{"assertionResults":[{"ancestorTitles":["install a project packages","install a project packages"],"fullName":"install a project packages install a project packages should run npm install json body","status":"passed","title":"should run npm install json body","duration":1994.7397899999996,"failureMessages":[],"meta":{}}],"startTime":1743522959993,"endTime":1743522961987.7397,"status":"passed","message":"","name":"/home/runner/work/e2e-tests/e2e-tests/e2e/cli/e2e-pnpm8/install.spec.ts"},{"assertionResults":[{"ancestorTitles":["ping registry","ping registry"],"fullName":"ping registry ping registry should ping registry","status":"passed","title":"should ping registry","duration":436.33575300000007,"failureMessages":[],"meta":{}}],"startTime":1743522980128,"endTime":1743522980564.3357,"status":"passed","message":"","name":"/home/runner/work/e2e-tests/e2e-tests/e2e/cli/e2e-pnpm8/ping.spec.ts"},{"assertionResults":[{"ancestorTitles":["publish a package","publish a package"],"fullName":"publish a package publish a package should publish a package verdaccio-memory","status":"passed","title":"should publish a package verdaccio-memory","duration":1409.3239919999999,"failureMessages":[],"meta":{}}],"startTime":1743522969566,"endTime":1743522970975.324,"status":"passed","message":"","name":"/home/runner/work/e2e-tests/e2e-tests/e2e/cli/e2e-pnpm8/publish.spec.ts"},{"assertionResults":[{"ancestorTitles":["search a package","search a package"],"fullName":"search a package search a package should search a package","status":"passed","title":"should search a package","duration":958.0673469999999,"failureMessages":[],"meta":{}}],"startTime":1743522973014,"endTime":1743522973972.0674,"status":"passed","message":"","name":"/home/runner/work/e2e-tests/e2e-tests/e2e/cli/e2e-pnpm8/search.spec.ts"},{"assertionResults":[{"ancestorTitles":["star a package","star a package"],"fullName":"star a package star a package should star a package @verdaccio/foo","status":"passed","title":"should star a package @verdaccio/foo","duration":1708.2681989999999,"failureMessages":[],"meta":{}},{"ancestorTitles":["star a package","star a package"],"fullName":"star a package star a package should unstar a package @verdaccio/bar","status":"passed","title":"should unstar a package @verdaccio/bar","duration":2290.158505,"failureMessages":[],"meta":{}},{"ancestorTitles":["star a package","star a package"],"fullName":"star a package star a package should list stars of a user %s","status":"passed","title":"should list stars of a user %s","duration":2316.4171300000007,"failureMessages":[],"meta":{}}],"startTime":1743522979971,"endTime":1743522986286.4172,"status":"passed","message":"","name":"/home/runner/work/e2e-tests/e2e-tests/e2e/cli/e2e-pnpm8/star.spec.ts"},{"assertionResults":[{"ancestorTitles":["unpublish a package","unpublish a package"],"fullName":"unpublish a package unpublish a package should unpublish a full package @verdaccio/test1","status":"passed","title":"should unpublish a full package @verdaccio/test1","duration":7706.741424,"failureMessages":[],"meta":{}},{"ancestorTitles":["unpublish a package","unpublish a package"],"fullName":"unpublish a package unpublish a package should unpublish a package @verdaccio/test1 version","status":"skipped","title":"should unpublish a package @verdaccio/test1 version","failureMessages":[],"meta":{}}],"startTime":1743522959908,"endTime":1743522967614.7415,"status":"passed","message":"","name":"/home/runner/work/e2e-tests/e2e-tests/e2e/cli/e2e-pnpm8/unpublish.spec.ts"}]}