{"numTotalTestSuites":30,"numPassedTestSuites":30,"numFailedTestSuites":0,"numPendingTestSuites":0,"numTotalTests":17,"numPassedTests":16,"numFailedTests":0,"numPendingTests":1,"numTodoTests":0,"snapshot":{"added":0,"failure":false,"filesAdded":0,"filesRemoved":0,"filesRemovedList":[],"filesUnmatched":0,"filesUpdated":0,"matched":0,"total":0,"unchecked":0,"uncheckedKeysByFile":[],"unmatched":0,"updated":0,"didUpdate":false},"startTime":1758451929777,"success":true,"testResults":[{"assertionResults":[{"ancestorTitles":["audit a package","audit a package"],"fullName":"audit a package audit a package should audit a package verdaccio-memory","status":"passed","title":"should audit a package verdaccio-memory","duration":1616.372586,"failureMessages":[],"meta":{}}],"startTime":1758451944588,"endTime":1758451946204.3726,"status":"passed","message":"","name":"/home/runner/work/e2e-tests/e2e-tests/e2e/cli/e2e-npm8/audit.spec.ts"},{"assertionResults":[{"ancestorTitles":["deprecate a package","deprecate a package"],"fullName":"deprecate a package deprecate a package should deprecate a single package @verdaccio/deprecated-1","status":"passed","title":"should deprecate a single package @verdaccio/deprecated-1","duration":1567.546491,"failureMessages":[],"meta":{}},{"ancestorTitles":["deprecate a package","deprecate a package"],"fullName":"deprecate a package deprecate a package should un-deprecate a package @verdaccio/deprecated-2","status":"passed","title":"should un-deprecate a package @verdaccio/deprecated-2","duration":2600.7607639999997,"failureMessages":[],"meta":{}},{"ancestorTitles":["deprecate a package","deprecate a package"],"fullName":"deprecate a package deprecate a package should deprecate a multiple packages @verdaccio/deprecated-3","status":"passed","title":"should deprecate a multiple packages @verdaccio/deprecated-3","duration":6730.813549999999,"failureMessages":[],"meta":{}}],"startTime":1758451932257,"endTime":1758451943156.8135,"status":"passed","message":"","name":"/home/runner/work/e2e-tests/e2e-tests/e2e/cli/e2e-npm8/deprecate.spec.ts"},{"assertionResults":[{"ancestorTitles":["dist-tags a package","dist-tag a package"],"fullName":"dist-tags a package dist-tag a package should list dist-tags for @foo/foo","status":"passed","title":"should list dist-tags for @foo/foo","duration":1902.898866,"failureMessages":[],"meta":{}},{"ancestorTitles":["dist-tags a package","dist-tag a package"],"fullName":"dist-tags a package dist-tag a package should remove tag with dist-tags for @verdaccio/bar","status":"passed","title":"should remove tag with dist-tags for @verdaccio/bar","duration":2109.3839860000003,"failureMessages":[],"meta":{}},{"ancestorTitles":["dist-tags a package","dist-tag a package"],"fullName":"dist-tags a package dist-tag a package should add tag to package and version with dist-tags for @verdaccio/five","status":"passed","title":"should add tag to package and version with dist-tags for @verdaccio/five","duration":2231.485629999999,"failureMessages":[],"meta":{}}],"startTime":1758451936241,"endTime":1758451942484.4856,"status":"passed","message":"","name":"/home/runner/work/e2e-tests/e2e-tests/e2e/cli/e2e-npm8/dist-tags.spec.ts"},{"assertionResults":[{"ancestorTitles":["info a package","install a package"],"fullName":"info a package install a package should run npm info json body","status":"passed","title":"should run npm info json body","duration":774.6124300000001,"failureMessages":[],"meta":{}}],"startTime":1758451944805,"endTime":1758451945579.6125,"status":"passed","message":"","name":"/home/runner/work/e2e-tests/e2e-tests/e2e/cli/e2e-npm8/info.spec.ts"},{"assertionResults":[{"ancestorTitles":["install a project packages","install a project packages"],"fullName":"install a project packages install a project packages should run npm install json body","status":"passed","title":"should run npm install json body","duration":1741.4922129999995,"failureMessages":[],"meta":{}}],"startTime":1758451932361,"endTime":1758451934102.4922,"status":"passed","message":"","name":"/home/runner/work/e2e-tests/e2e-tests/e2e/cli/e2e-npm8/install.spec.ts"},{"assertionResults":[{"ancestorTitles":["ping registry","ping registry"],"fullName":"ping registry ping registry should ping registry","status":"passed","title":"should ping registry","duration":289.66251499999976,"failureMessages":[],"meta":{}}],"startTime":1758451947423,"endTime":1758451947712.6626,"status":"passed","message":"","name":"/home/runner/work/e2e-tests/e2e-tests/e2e/cli/e2e-npm8/ping.spec.ts"},{"assertionResults":[{"ancestorTitles":["publish a package","publish a package"],"fullName":"publish a package publish a package should publish a package verdaccio-memory-xxxxxx","status":"passed","title":"should publish a package verdaccio-memory-xxxxxx","duration":821.581815,"failureMessages":[],"meta":{}}],"startTime":1758451938794,"endTime":1758451939615.5818,"status":"passed","message":"","name":"/home/runner/work/e2e-tests/e2e-tests/e2e/cli/e2e-npm8/publish.spec.ts"},{"assertionResults":[{"ancestorTitles":["search a package","search a package"],"fullName":"search a package search a package should search a package","status":"passed","title":"should search a package","duration":639.8508849999998,"failureMessages":[],"meta":{}}],"startTime":1758451941715,"endTime":1758451942354.8508,"status":"passed","message":"","name":"/home/runner/work/e2e-tests/e2e-tests/e2e/cli/e2e-npm8/search.spec.ts"},{"assertionResults":[{"ancestorTitles":["star a package","star a package"],"fullName":"star a package star a package should star a package @verdaccio/foo","status":"passed","title":"should star a package @verdaccio/foo","duration":1471.5962980000004,"failureMessages":[],"meta":{}},{"ancestorTitles":["star a package","star a package"],"fullName":"star a package star a package should unstar a package @verdaccio/bar","status":"passed","title":"should unstar a package @verdaccio/bar","duration":1618.659972,"failureMessages":[],"meta":{}},{"ancestorTitles":["star a package","star a package"],"fullName":"star a package star a package should list stars of a user %s","status":"passed","title":"should list stars of a user %s","duration":1644.8346149999998,"failureMessages":[],"meta":{}}],"startTime":1758451945500,"endTime":1758451950234.8347,"status":"passed","message":"","name":"/home/runner/work/e2e-tests/e2e-tests/e2e/cli/e2e-npm8/star.spec.ts"},{"assertionResults":[{"ancestorTitles":["unpublish a package","unpublish a package"],"fullName":"unpublish a package unpublish a package should unpublish a full package @verdaccio/test1","status":"passed","title":"should unpublish a full package @verdaccio/test1","duration":4270.897389000001,"failureMessages":[],"meta":{}},{"ancestorTitles":["unpublish a package","unpublish a package"],"fullName":"unpublish a package unpublish a package should unpublish a package @verdaccio/test1 version","status":"skipped","title":"should unpublish a package @verdaccio/test1 version","failureMessages":[],"meta":{}}],"startTime":1758451932345,"endTime":1758451936615.8975,"status":"passed","message":"","name":"/home/runner/work/e2e-tests/e2e-tests/e2e/cli/e2e-npm8/unpublish.spec.ts"}]}