{"numTotalTestSuites":30,"numPassedTestSuites":30,"numFailedTestSuites":0,"numPendingTestSuites":0,"numTotalTests":17,"numPassedTests":15,"numFailedTests":0,"numPendingTests":2,"numTodoTests":0,"snapshot":{"added":0,"failure":false,"filesAdded":0,"filesRemoved":0,"filesRemovedList":[],"filesUnmatched":0,"filesUpdated":0,"matched":0,"total":0,"unchecked":0,"uncheckedKeysByFile":[],"unmatched":0,"updated":0,"didUpdate":false},"startTime":1759125872826,"success":true,"testResults":[{"assertionResults":[{"ancestorTitles":["audit a package","audit a package"],"fullName":"audit a package audit a package should audit a package verdaccio-memory","status":"passed","title":"should audit a package verdaccio-memory","duration":1409.235628,"failureMessages":[],"meta":{}}],"startTime":1759125885580,"endTime":1759125886989.2356,"status":"passed","message":"","name":"/home/runner/work/e2e-tests/e2e-tests/e2e/cli/e2e-npm11/audit.spec.ts"},{"assertionResults":[{"ancestorTitles":["deprecate a package","deprecate a package"],"fullName":"deprecate a package deprecate a package should deprecate a single package @verdaccio/deprecated-1","status":"passed","title":"should deprecate a single package @verdaccio/deprecated-1","duration":1842.080566,"failureMessages":[],"meta":{}},{"ancestorTitles":["deprecate a package","deprecate a package"],"fullName":"deprecate a package deprecate a package should un-deprecate a package @verdaccio/deprecated-2","status":"passed","title":"should un-deprecate a package @verdaccio/deprecated-2","duration":2625.1136669999996,"failureMessages":[],"meta":{}},{"ancestorTitles":["deprecate a package","deprecate a package"],"fullName":"deprecate a package deprecate a package should deprecate a multiple packages @verdaccio/deprecated-3","status":"passed","title":"should deprecate a multiple packages @verdaccio/deprecated-3","duration":6492.283406999999,"failureMessages":[],"meta":{}}],"startTime":1759125875478,"endTime":1759125886437.2834,"status":"passed","message":"","name":"/home/runner/work/e2e-tests/e2e-tests/e2e/cli/e2e-npm11/deprecate.spec.ts"},{"assertionResults":[{"ancestorTitles":["dist-tags a package","dist-tag a package"],"fullName":"dist-tags a package dist-tag a package should list dist-tags for @foo/foo","status":"passed","title":"should list dist-tags for @foo/foo","duration":2268.758327,"failureMessages":[],"meta":{}},{"ancestorTitles":["dist-tags a package","dist-tag a package"],"fullName":"dist-tags a package dist-tag a package should remove tag with dist-tags for @verdaccio/bar","status":"passed","title":"should remove tag with dist-tags for @verdaccio/bar","duration":2079.0073279999997,"failureMessages":[],"meta":{}},{"ancestorTitles":["dist-tags a package","dist-tag a package"],"fullName":"dist-tags a package dist-tag a package should add tag to package and version with dist-tags for @verdaccio/five","status":"passed","title":"should add tag to package and version with dist-tags for @verdaccio/five","duration":2515.8317770000003,"failureMessages":[],"meta":{}}],"startTime":1759125876582,"endTime":1759125883445.8318,"status":"passed","message":"","name":"/home/runner/work/e2e-tests/e2e-tests/e2e/cli/e2e-npm11/dist-tags.spec.ts"},{"assertionResults":[{"ancestorTitles":["info a package","install a package"],"fullName":"info a package install a package should run npm info json body","status":"passed","title":"should run npm info json body","duration":639.0656610000001,"failureMessages":[],"meta":{}}],"startTime":1759125885806,"endTime":1759125886445.0657,"status":"passed","message":"","name":"/home/runner/work/e2e-tests/e2e-tests/e2e/cli/e2e-npm11/info.spec.ts"},{"assertionResults":[{"ancestorTitles":["install a project packages","install a project packages"],"fullName":"install a project packages install a project packages should run npm install json body","status":"passed","title":"should run npm install json body","duration":2157.504594,"failureMessages":[],"meta":{}}],"startTime":1759125875342,"endTime":1759125877499.5046,"status":"passed","message":"","name":"/home/runner/work/e2e-tests/e2e-tests/e2e/cli/e2e-npm11/install.spec.ts"},{"assertionResults":[{"ancestorTitles":["ping registry","ping registry"],"fullName":"ping registry ping registry should ping registry","status":"passed","title":"should ping registry","duration":187.48092699999984,"failureMessages":[],"meta":{}}],"startTime":1759125888380,"endTime":1759125888567.481,"status":"passed","message":"","name":"/home/runner/work/e2e-tests/e2e-tests/e2e/cli/e2e-npm11/ping.spec.ts"},{"assertionResults":[{"ancestorTitles":["publish a package","publish a package"],"fullName":"publish a package publish a package should publish a package verdaccio-memory-xxxxxx","status":"passed","title":"should publish a package verdaccio-memory-xxxxxx","duration":1140.1998589999998,"failureMessages":[],"meta":{}}],"startTime":1759125879612,"endTime":1759125880752.2,"status":"passed","message":"","name":"/home/runner/work/e2e-tests/e2e-tests/e2e/cli/e2e-npm11/publish.spec.ts"},{"assertionResults":[{"ancestorTitles":["search a package","search a package"],"fullName":"search a package search a package should search a package","status":"passed","title":"should search a package","duration":457.6013789999997,"failureMessages":[],"meta":{}}],"startTime":1759125882898,"endTime":1759125883355.6013,"status":"passed","message":"","name":"/home/runner/work/e2e-tests/e2e-tests/e2e/cli/e2e-npm11/search.spec.ts"},{"assertionResults":[{"ancestorTitles":["star a package","star a package"],"fullName":"star a package star a package should star a package @verdaccio/foo","status":"passed","title":"should star a package @verdaccio/foo","duration":1297.299576,"failureMessages":[],"meta":{}},{"ancestorTitles":["star a package","star a package"],"fullName":"star a package star a package should unstar a package @verdaccio/bar","status":"passed","title":"should unstar a package @verdaccio/bar","duration":1825.601169,"failureMessages":[],"meta":{}},{"ancestorTitles":["star a package","star a package"],"fullName":"star a package star a package should list stars of a user %s","status":"passed","title":"should list stars of a user %s","duration":1555.3446649999996,"failureMessages":[],"meta":{}}],"startTime":1759125888425,"endTime":1759125893103.3447,"status":"passed","message":"","name":"/home/runner/work/e2e-tests/e2e-tests/e2e/cli/e2e-npm11/star.spec.ts"},{"assertionResults":[{"ancestorTitles":["unpublish a package","unpublish a package"],"fullName":"unpublish a package unpublish a package should unpublish a full package @verdaccio/test1","status":"skipped","title":"should unpublish a full package @verdaccio/test1","failureMessages":[],"meta":{}},{"ancestorTitles":["unpublish a package","unpublish a package"],"fullName":"unpublish a package unpublish a package should unpublish a package @verdaccio/test1 version","status":"skipped","title":"should unpublish a package @verdaccio/test1 version","failureMessages":[],"meta":{}}],"startTime":1759125872826,"endTime":1759125872826,"status":"passed","message":"","name":"/home/runner/work/e2e-tests/e2e-tests/e2e/cli/e2e-npm11/unpublish.spec.ts"}]}