{"numTotalTestSuites":30,"numPassedTestSuites":30,"numFailedTestSuites":0,"numPendingTestSuites":0,"numTotalTests":17,"numPassedTests":16,"numFailedTests":0,"numPendingTests":1,"numTodoTests":0,"snapshot":{"added":0,"failure":false,"filesAdded":0,"filesRemoved":0,"filesRemovedList":[],"filesUnmatched":0,"filesUpdated":0,"matched":0,"total":0,"unchecked":0,"uncheckedKeysByFile":[],"unmatched":0,"updated":0,"didUpdate":false},"startTime":1763153647637,"success":true,"testResults":[{"assertionResults":[{"ancestorTitles":["audit a package","audit a package"],"fullName":"audit a package audit a package should audit a package verdaccio-memory","status":"passed","title":"should audit a package verdaccio-memory","duration":1925.324591,"failureMessages":[],"meta":{}}],"startTime":1763153666499,"endTime":1763153668424.3247,"status":"passed","message":"","name":"/home/runner/work/e2e-tests/e2e-tests/e2e/cli/e2e-pnpm8/audit.spec.ts"},{"assertionResults":[{"ancestorTitles":["deprecate a package","deprecate a package"],"fullName":"deprecate a package deprecate a package should deprecate a single package @verdaccio/deprecated-1","status":"passed","title":"should deprecate a single package @verdaccio/deprecated-1","duration":3263.24424,"failureMessages":[],"meta":{}},{"ancestorTitles":["deprecate a package","deprecate a package"],"fullName":"deprecate a package deprecate a package should un-deprecate a package @verdaccio/deprecated-2","status":"passed","title":"should un-deprecate a package @verdaccio/deprecated-2","duration":4267.2552749999995,"failureMessages":[],"meta":{}},{"ancestorTitles":["deprecate a package","deprecate a package"],"fullName":"deprecate a package deprecate a package should deprecate a multiple packages @verdaccio/deprecated-3","status":"passed","title":"should deprecate a multiple packages @verdaccio/deprecated-3","duration":11614.786639000002,"failureMessages":[],"meta":{}}],"startTime":1763153650108,"endTime":1763153669253.7866,"status":"passed","message":"","name":"/home/runner/work/e2e-tests/e2e-tests/e2e/cli/e2e-pnpm8/deprecate.spec.ts"},{"assertionResults":[{"ancestorTitles":["dist-tags a package","publish a package"],"fullName":"dist-tags a package publish a package should list dist-tags for @foo/foo","status":"passed","title":"should list dist-tags for @foo/foo","duration":3659.6730319999997,"failureMessages":[],"meta":{}},{"ancestorTitles":["dist-tags a package","publish a package"],"fullName":"dist-tags a package publish a package should remove tag with dist-tags for @verdaccio/bar","status":"passed","title":"should remove tag with dist-tags for @verdaccio/bar","duration":3770.320052,"failureMessages":[],"meta":{}},{"ancestorTitles":["dist-tags a package","publish a package"],"fullName":"dist-tags a package publish a package should add tag to package and version with dist-tags for @verdaccio/five","status":"passed","title":"should add tag to package and version with dist-tags for @verdaccio/five","duration":3703.6599079999996,"failureMessages":[],"meta":{}}],"startTime":1763153654244,"endTime":1763153665377.66,"status":"passed","message":"","name":"/home/runner/work/e2e-tests/e2e-tests/e2e/cli/e2e-pnpm8/dist-tags.spec.ts"},{"assertionResults":[{"ancestorTitles":["info a package","info a package"],"fullName":"info a package info a package should run pnpm info json body","status":"passed","title":"should run pnpm info json body","duration":1034.001815,"failureMessages":[],"meta":{}}],"startTime":1763153667660,"endTime":1763153668694.0017,"status":"passed","message":"","name":"/home/runner/work/e2e-tests/e2e-tests/e2e/cli/e2e-pnpm8/info.spec.ts"},{"assertionResults":[{"ancestorTitles":["install a project packages","install a project packages"],"fullName":"install a project packages install a project packages should run npm install json body","status":"passed","title":"should run npm install json body","duration":1926.6136510000001,"failureMessages":[],"meta":{}}],"startTime":1763153650227,"endTime":1763153652153.6138,"status":"passed","message":"","name":"/home/runner/work/e2e-tests/e2e-tests/e2e/cli/e2e-pnpm8/install.spec.ts"},{"assertionResults":[{"ancestorTitles":["ping registry","ping registry"],"fullName":"ping registry ping registry should ping registry","status":"passed","title":"should ping registry","duration":407.4825149999997,"failureMessages":[],"meta":{}}],"startTime":1763153670688,"endTime":1763153671095.4824,"status":"passed","message":"","name":"/home/runner/work/e2e-tests/e2e-tests/e2e/cli/e2e-pnpm8/ping.spec.ts"},{"assertionResults":[{"ancestorTitles":["publish a package","publish a package"],"fullName":"publish a package publish a package should publish a package verdaccio-memory","status":"passed","title":"should publish a package verdaccio-memory","duration":1532.327478,"failureMessages":[],"meta":{}}],"startTime":1763153659538,"endTime":1763153661070.3274,"status":"passed","message":"","name":"/home/runner/work/e2e-tests/e2e-tests/e2e/cli/e2e-pnpm8/publish.spec.ts"},{"assertionResults":[{"ancestorTitles":["search a package","search a package"],"fullName":"search a package search a package should search a package","status":"passed","title":"should search a package","duration":1008.3002670000001,"failureMessages":[],"meta":{}}],"startTime":1763153663241,"endTime":1763153664249.3003,"status":"passed","message":"","name":"/home/runner/work/e2e-tests/e2e-tests/e2e/cli/e2e-pnpm8/search.spec.ts"},{"assertionResults":[{"ancestorTitles":["star a package","star a package"],"fullName":"star a package star a package should star a package @verdaccio/foo","status":"passed","title":"should star a package @verdaccio/foo","duration":1664.8632189999998,"failureMessages":[],"meta":{}},{"ancestorTitles":["star a package","star a package"],"fullName":"star a package star a package should unstar a package @verdaccio/bar","status":"passed","title":"should unstar a package @verdaccio/bar","duration":2277.1040340000004,"failureMessages":[],"meta":{}},{"ancestorTitles":["star a package","star a package"],"fullName":"star a package star a package should list stars of a user %s","status":"passed","title":"should list stars of a user %s","duration":2552.716423,"failureMessages":[],"meta":{}}],"startTime":1763153670500,"endTime":1763153676994.7163,"status":"passed","message":"","name":"/home/runner/work/e2e-tests/e2e-tests/e2e/cli/e2e-pnpm8/star.spec.ts"},{"assertionResults":[{"ancestorTitles":["unpublish a package","unpublish a package"],"fullName":"unpublish a package unpublish a package should unpublish a full package @verdaccio/test1","status":"passed","title":"should unpublish a full package @verdaccio/test1","duration":7326.134144,"failureMessages":[],"meta":{}},{"ancestorTitles":["unpublish a package","unpublish a package"],"fullName":"unpublish a package unpublish a package should unpublish a package @verdaccio/test1 version","status":"skipped","title":"should unpublish a package @verdaccio/test1 version","failureMessages":[],"meta":{}}],"startTime":1763153650210,"endTime":1763153657536.134,"status":"passed","message":"","name":"/home/runner/work/e2e-tests/e2e-tests/e2e/cli/e2e-pnpm8/unpublish.spec.ts"}]}