{"numTotalTestSuites":10,"numPassedTestSuites":10,"numFailedTestSuites":0,"numPendingTestSuites":0,"numTotalTests":7,"numPassedTests":7,"numFailedTests":0,"numPendingTests":0,"numTodoTests":0,"snapshot":{"added":0,"failure":false,"filesAdded":0,"filesRemoved":0,"filesRemovedList":[],"filesUnmatched":0,"filesUpdated":0,"matched":0,"total":0,"unchecked":0,"uncheckedKeysByFile":[],"unmatched":0,"updated":0,"didUpdate":false},"startTime":1743334307046,"success":true,"testResults":[{"assertionResults":[{"ancestorTitles":["audit a package"],"fullName":"audit a package should audit a package verdaccio-memory","status":"passed","title":"should audit a package verdaccio-memory","duration":1112.307683,"failureMessages":[],"meta":{}}],"startTime":1743334309494,"endTime":1743334310606.3076,"status":"passed","message":"","name":"/home/runner/work/e2e-tests/e2e-tests/e2e/cli/e2e-yarn1/audit.spec.ts"},{"assertionResults":[{"ancestorTitles":["install a package"],"fullName":"install a package should run yarn info json body","status":"passed","title":"should run yarn info json body","duration":645.5606560000001,"failureMessages":[],"meta":{}}],"startTime":1743334312655,"endTime":1743334313300.5605,"status":"passed","message":"","name":"/home/runner/work/e2e-tests/e2e-tests/e2e/cli/e2e-yarn1/info.spec.ts"},{"assertionResults":[{"ancestorTitles":["install a project packages"],"fullName":"install a project packages should run yarn install","status":"passed","title":"should run yarn install","duration":1068.596672,"failureMessages":[],"meta":{}}],"startTime":1743334311897,"endTime":1743334312965.5967,"status":"passed","message":"","name":"/home/runner/work/e2e-tests/e2e-tests/e2e/cli/e2e-yarn1/install.spec.ts"},{"assertionResults":[{"ancestorTitles":["install a package"],"fullName":"install a package should publish a package verdaccio-memory","status":"passed","title":"should publish a package verdaccio-memory","duration":598.5424680000001,"failureMessages":[],"meta":{}}],"startTime":1743334309302,"endTime":1743334309900.5425,"status":"passed","message":"","name":"/home/runner/work/e2e-tests/e2e-tests/e2e/cli/e2e-yarn1/publish.spec.ts"},{"assertionResults":[{"ancestorTitles":["install a package"],"fullName":"install a package should list tags of a package @verdaccio/bar","status":"passed","title":"should list tags of a package @verdaccio/bar","duration":922.226776,"failureMessages":[],"meta":{}},{"ancestorTitles":["install a package"],"fullName":"install a package should add tag of a package @verdaccio/foo","status":"passed","title":"should add tag of a package @verdaccio/foo","duration":1663.029599,"failureMessages":[],"meta":{}},{"ancestorTitles":["install a package"],"fullName":"install a package should remove tag of a package @verdaccio/third","status":"passed","title":"should remove tag of a package @verdaccio/third","duration":2196.112892,"failureMessages":[],"meta":{}}],"startTime":1743334309399,"endTime":1743334314180.1128,"status":"passed","message":"","name":"/home/runner/work/e2e-tests/e2e-tests/e2e/cli/e2e-yarn1/tag.spec.ts"}]}