{"numTotalTestSuites":8,"numPassedTestSuites":8,"numFailedTestSuites":0,"numPendingTestSuites":0,"numTotalTests":4,"numPassedTests":4,"numFailedTests":0,"numPendingTests":0,"numTodoTests":0,"snapshot":{"added":0,"failure":false,"filesAdded":0,"filesRemoved":0,"filesRemovedList":[],"filesUnmatched":0,"filesUpdated":0,"matched":0,"total":0,"unchecked":0,"uncheckedKeysByFile":[],"unmatched":0,"updated":0,"didUpdate":false},"startTime":1763153659162,"success":true,"testResults":[{"assertionResults":[{"ancestorTitles":["audit a package yarn 3"],"fullName":"audit a package yarn 3 should run yarn npm audit info json body","status":"passed","title":"should run yarn npm audit info json body","duration":1292.816155,"failureMessages":[],"meta":{}}],"startTime":1763153661672,"endTime":1763153662964.8162,"status":"passed","message":"","name":"/home/runner/work/e2e-tests/e2e-tests/e2e/cli/e2e-yarn3/audit.spec.ts"},{"assertionResults":[{"ancestorTitles":["install a package"],"fullName":"install a package should run yarn 2 info json body","status":"passed","title":"should run yarn 2 info json body","duration":1365.71537,"failureMessages":[],"meta":{}}],"startTime":1763153661680,"endTime":1763153663045.7153,"status":"passed","message":"","name":"/home/runner/work/e2e-tests/e2e-tests/e2e/cli/e2e-yarn3/info.spec.ts"},{"assertionResults":[{"ancestorTitles":["install a packages"],"fullName":"install a packages should run yarn install","status":"passed","title":"should run yarn install","duration":489.03609300000016,"failureMessages":[],"meta":{}}],"startTime":1763153664779,"endTime":1763153665268.0361,"status":"passed","message":"","name":"/home/runner/work/e2e-tests/e2e-tests/e2e/cli/e2e-yarn3/install.spec.ts"},{"assertionResults":[{"ancestorTitles":["install a packages"],"fullName":"install a packages should run yarn publish","status":"passed","title":"should run yarn publish","duration":1828.4142740000002,"failureMessages":[],"meta":{}}],"startTime":1763153661696,"endTime":1763153663524.4143,"status":"passed","message":"","name":"/home/runner/work/e2e-tests/e2e-tests/e2e/cli/e2e-yarn3/publish.spec.ts"}]}